The system is: Linux - sh: 0: getcwd() failed: No such file or directory
4.19.75-v7+ - sh: 0: getcwd() failed: No such file or directory
armv7l
Determining if the C compiler works passed with the following output:
Change Dir: /home/pi/Documents/repos/pintendo/build/CMakeFiles/CMakeTmp

Run Build Command:"/usr/bin/make" "cmTC_79040/fast"
/usr/bin/make -f CMakeFiles/cmTC_79040.dir/build.make CMakeFiles/cmTC_79040.dir/build
make[1]: Entering directory '/home/pi/Documents/repos/pintendo/build/CMakeFiles/CMakeTmp'
Building C object CMakeFiles/cmTC_79040.dir/testCCompiler.c.o
/usr/bin/gcc-8    -o CMakeFiles/cmTC_79040.dir/testCCompiler.c.o   -c /home/pi/Documents/repos/pintendo/build/CMakeFiles/CMakeTmp/testCCompiler.c
Linking C executable cmTC_79040
/usr/bin/cmake -E cmake_link_script CMakeFiles/cmTC_79040.dir/link.txt --verbose=1
/usr/bin/gcc-8      CMakeFiles/cmTC_79040.dir/testCCompiler.c.o  -o cmTC_79040 
make[1]: Leaving directory '/home/pi/Documents/repos/pintendo/build/CMakeFiles/CMakeTmp'


Detecting C compiler ABI info compiled with the following output:
Change Dir: /home/pi/Documents/repos/pintendo/build/CMakeFiles/CMakeTmp

Run Build Command:"/usr/bin/make" "cmTC_8804c/fast"
/usr/bin/make -f CMakeFiles/cmTC_8804c.dir/build.make CMakeFiles/cmTC_8804c.dir/build
make[1]: Entering directory '/home/pi/Documents/repos/pintendo/build/CMakeFiles/CMakeTmp'
Building C object CMakeFiles/cmTC_8804c.dir/CMakeCCompilerABI.c.o
/usr/bin/gcc-8    -o CMakeFiles/cmTC_8804c.dir/CMakeCCompilerABI.c.o   -c /usr/share/cmake-3.13/Modules/CMakeCCompilerABI.c
Linking C executable cmTC_8804c
/usr/bin/cmake -E cmake_link_script CMakeFiles/cmTC_8804c.dir/link.txt --verbose=1
/usr/bin/gcc-8      CMakeFiles/cmTC_8804c.dir/CMakeCCompilerABI.c.o  -o cmTC_8804c 
make[1]: Leaving directory '/home/pi/Documents/repos/pintendo/build/CMakeFiles/CMakeTmp'


Determining if the CXX compiler works passed with the following output:
Change Dir: /home/pi/Documents/repos/pintendo/build/CMakeFiles/CMakeTmp

Run Build Command:"/usr/bin/make" "cmTC_896c4/fast"
/usr/bin/make -f CMakeFiles/cmTC_896c4.dir/build.make CMakeFiles/cmTC_896c4.dir/build
make[1]: Entering directory '/home/pi/Documents/repos/pintendo/build/CMakeFiles/CMakeTmp'
Building CXX object CMakeFiles/cmTC_896c4.dir/testCXXCompiler.cxx.o
/usr/bin/g++-8     -o CMakeFiles/cmTC_896c4.dir/testCXXCompiler.cxx.o -c /home/pi/Documents/repos/pintendo/build/CMakeFiles/CMakeTmp/testCXXCompiler.cxx
Linking CXX executable cmTC_896c4
/usr/bin/cmake -E cmake_link_script CMakeFiles/cmTC_896c4.dir/link.txt --verbose=1
/usr/bin/g++-8       CMakeFiles/cmTC_896c4.dir/testCXXCompiler.cxx.o  -o cmTC_896c4 
make[1]: Leaving directory '/home/pi/Documents/repos/pintendo/build/CMakeFiles/CMakeTmp'


Detecting CXX compiler ABI info compiled with the following output:
Change Dir: /home/pi/Documents/repos/pintendo/build/CMakeFiles/CMakeTmp

Run Build Command:"/usr/bin/make" "cmTC_08a26/fast"
/usr/bin/make -f CMakeFiles/cmTC_08a26.dir/build.make CMakeFiles/cmTC_08a26.dir/build
make[1]: Entering directory '/home/pi/Documents/repos/pintendo/build/CMakeFiles/CMakeTmp'
Building CXX object CMakeFiles/cmTC_08a26.dir/CMakeCXXCompilerABI.cpp.o
/usr/bin/g++-8     -o CMakeFiles/cmTC_08a26.dir/CMakeCXXCompilerABI.cpp.o -c /usr/share/cmake-3.13/Modules/CMakeCXXCompilerABI.cpp
Linking CXX executable cmTC_08a26
/usr/bin/cmake -E cmake_link_script CMakeFiles/cmTC_08a26.dir/link.txt --verbose=1
/usr/bin/g++-8       CMakeFiles/cmTC_08a26.dir/CMakeCXXCompilerABI.cpp.o  -o cmTC_08a26 
make[1]: Leaving directory '/home/pi/Documents/repos/pintendo/build/CMakeFiles/CMakeTmp'


